{"/Users/hikmanisyarifulfajar/Documents/FinalProject/server/app.js": {"path":"/Users/hikmanisyarifulfajar/Documents/FinalProject/server/app.js","statementMap":{"0":{"start":{"line":1,"column":16},"end":{"line":1,"column":34}},"1":{"start":{"line":2,"column":12},"end":{"line":2,"column":21}},"2":{"start":{"line":4,"column":25},"end":{"line":4,"column":44}},"3":{"start":{"line":5,"column":25},"end":{"line":5,"column":51}},"4":{"start":{"line":7,"column":0},"end":{"line":9,"column":3}},"5":{"start":{"line":11,"column":0},"end":{"line":11,"column":23}},"6":{"start":{"line":29,"column":0},"end":{"line":42,"column":2}},"7":{"start":{"line":30,"column":2},"end":{"line":31,"column":49}},"8":{"start":{"line":30,"column":11},"end":{"line":30,"column":27}},"9":{"start":{"line":31,"column":7},"end":{"line":31,"column":49}},"10":{"start":{"line":33,"column":13},"end":{"line":33,"column":30}},"11":{"start":{"line":35,"column":2},"end":{"line":38,"column":4}},"12":{"start":{"line":36,"column":4},"end":{"line":36,"column":15}},"13":{"start":{"line":37,"column":4},"end":{"line":37,"column":10}},"14":{"start":{"line":40,"column":2},"end":{"line":40,"column":27}},"15":{"start":{"line":44,"column":0},"end":{"line":44,"column":20}}},"fnMap":{"0":{"name":"(anonymous_0)","decl":{"start":{"line":29,"column":15},"end":{"line":29,"column":16}},"loc":{"start":{"line":29,"column":22},"end":{"line":42,"column":1}},"line":29},"1":{"name":"(anonymous_1)","decl":{"start":{"line":35,"column":10},"end":{"line":35,"column":11}},"loc":{"start":{"line":35,"column":30},"end":{"line":38,"column":3}},"line":35}},"branchMap":{"0":{"loc":{"start":{"line":30,"column":2},"end":{"line":31,"column":49}},"type":"if","locations":[{"start":{"line":30,"column":2},"end":{"line":31,"column":49}},{"start":{"line":30,"column":2},"end":{"line":31,"column":49}}],"line":30}},"s":{"0":1,"1":1,"2":1,"3":1,"4":1,"5":1,"6":1,"7":1,"8":0,"9":1,"10":1,"11":1,"12":1,"13":1,"14":1,"15":1},"f":{"0":1,"1":1},"b":{"0":[0,1]},"_coverageSchema":"1a1c01bbd47fc00a2c39e90264f33305004495a9","hash":"d83813c6b4075f4b757c210434e5c2f52ed2fa7a"}
,"/Users/hikmanisyarifulfajar/Documents/FinalProject/server/controller.js": {"path":"/Users/hikmanisyarifulfajar/Documents/FinalProject/server/controller.js","statementMap":{"0":{"start":{"line":1,"column":21},"end":{"line":1,"column":39}},"1":{"start":{"line":2,"column":14},"end":{"line":2,"column":32}},"2":{"start":{"line":3,"column":14},"end":{"line":3,"column":25}},"3":{"start":{"line":4,"column":14},"end":{"line":4,"column":30}},"4":{"start":{"line":8,"column":8},"end":{"line":16,"column":9}},"5":{"start":{"line":9,"column":23},"end":{"line":9,"column":29}},"6":{"start":{"line":10,"column":31},"end":{"line":10,"column":53}},"7":{"start":{"line":11,"column":27},"end":{"line":11,"column":62}},"8":{"start":{"line":12,"column":12},"end":{"line":12,"column":31}},"9":{"start":{"line":13,"column":12},"end":{"line":13,"column":40}},"10":{"start":{"line":15,"column":12},"end":{"line":15,"column":39}},"11":{"start":{"line":20,"column":8},"end":{"line":27,"column":9}},"12":{"start":{"line":21,"column":23},"end":{"line":21,"column":29}},"13":{"start":{"line":22,"column":31},"end":{"line":22,"column":52}},"14":{"start":{"line":23,"column":27},"end":{"line":23,"column":62}},"15":{"start":{"line":24,"column":12},"end":{"line":24,"column":40}},"16":{"start":{"line":26,"column":12},"end":{"line":26,"column":39}},"17":{"start":{"line":31,"column":8},"end":{"line":38,"column":9}},"18":{"start":{"line":32,"column":23},"end":{"line":32,"column":29}},"19":{"start":{"line":33,"column":31},"end":{"line":33,"column":51}},"20":{"start":{"line":34,"column":27},"end":{"line":34,"column":62}},"21":{"start":{"line":35,"column":12},"end":{"line":35,"column":40}},"22":{"start":{"line":37,"column":12},"end":{"line":37,"column":39}},"23":{"start":{"line":42,"column":8},"end":{"line":49,"column":9}},"24":{"start":{"line":43,"column":23},"end":{"line":43,"column":29}},"25":{"start":{"line":44,"column":31},"end":{"line":44,"column":53}},"26":{"start":{"line":45,"column":27},"end":{"line":45,"column":62}},"27":{"start":{"line":46,"column":12},"end":{"line":46,"column":40}},"28":{"start":{"line":48,"column":12},"end":{"line":48,"column":39}},"29":{"start":{"line":53,"column":8},"end":{"line":60,"column":9}},"30":{"start":{"line":54,"column":23},"end":{"line":54,"column":29}},"31":{"start":{"line":55,"column":31},"end":{"line":55,"column":52}},"32":{"start":{"line":56,"column":27},"end":{"line":56,"column":62}},"33":{"start":{"line":57,"column":12},"end":{"line":57,"column":40}},"34":{"start":{"line":59,"column":12},"end":{"line":59,"column":39}},"35":{"start":{"line":64,"column":8},"end":{"line":71,"column":9}},"36":{"start":{"line":65,"column":23},"end":{"line":65,"column":29}},"37":{"start":{"line":66,"column":31},"end":{"line":66,"column":57}},"38":{"start":{"line":67,"column":27},"end":{"line":67,"column":62}},"39":{"start":{"line":68,"column":12},"end":{"line":68,"column":40}},"40":{"start":{"line":70,"column":12},"end":{"line":70,"column":39}},"41":{"start":{"line":75,"column":8},"end":{"line":82,"column":9}},"42":{"start":{"line":76,"column":23},"end":{"line":76,"column":29}},"43":{"start":{"line":77,"column":31},"end":{"line":77,"column":56}},"44":{"start":{"line":78,"column":27},"end":{"line":78,"column":62}},"45":{"start":{"line":79,"column":12},"end":{"line":79,"column":40}},"46":{"start":{"line":81,"column":12},"end":{"line":81,"column":39}},"47":{"start":{"line":86,"column":8},"end":{"line":93,"column":9}},"48":{"start":{"line":87,"column":23},"end":{"line":87,"column":29}},"49":{"start":{"line":88,"column":31},"end":{"line":88,"column":57}},"50":{"start":{"line":89,"column":27},"end":{"line":89,"column":62}},"51":{"start":{"line":90,"column":12},"end":{"line":90,"column":40}},"52":{"start":{"line":92,"column":12},"end":{"line":92,"column":39}},"53":{"start":{"line":97,"column":8},"end":{"line":104,"column":9}},"54":{"start":{"line":98,"column":23},"end":{"line":98,"column":29}},"55":{"start":{"line":99,"column":31},"end":{"line":99,"column":57}},"56":{"start":{"line":100,"column":27},"end":{"line":100,"column":62}},"57":{"start":{"line":101,"column":12},"end":{"line":101,"column":40}},"58":{"start":{"line":103,"column":12},"end":{"line":103,"column":39}},"59":{"start":{"line":108,"column":8},"end":{"line":116,"column":9}},"60":{"start":{"line":109,"column":31},"end":{"line":109,"column":45}},"61":{"start":{"line":110,"column":27},"end":{"line":112,"column":14}},"62":{"start":{"line":113,"column":12},"end":{"line":113,"column":40}},"63":{"start":{"line":115,"column":12},"end":{"line":115,"column":39}},"64":{"start":{"line":120,"column":8},"end":{"line":130,"column":9}},"65":{"start":{"line":121,"column":31},"end":{"line":121,"column":45}},"66":{"start":{"line":122,"column":37},"end":{"line":122,"column":45}},"67":{"start":{"line":123,"column":27},"end":{"line":125,"column":14}},"68":{"start":{"line":126,"column":12},"end":{"line":126,"column":33}},"69":{"start":{"line":127,"column":12},"end":{"line":127,"column":40}},"70":{"start":{"line":129,"column":12},"end":{"line":129,"column":39}},"71":{"start":{"line":134,"column":8},"end":{"line":143,"column":9}},"72":{"start":{"line":135,"column":31},"end":{"line":135,"column":45}},"73":{"start":{"line":136,"column":27},"end":{"line":138,"column":14}},"74":{"start":{"line":139,"column":12},"end":{"line":139,"column":33}},"75":{"start":{"line":140,"column":12},"end":{"line":140,"column":40}},"76":{"start":{"line":142,"column":12},"end":{"line":142,"column":39}},"77":{"start":{"line":148,"column":0},"end":{"line":148,"column":27}}},"fnMap":{"0":{"name":"(anonymous_0)","decl":{"start":{"line":7,"column":4},"end":{"line":7,"column":5}},"loc":{"start":{"line":7,"column":38},"end":{"line":17,"column":5}},"line":7},"1":{"name":"(anonymous_1)","decl":{"start":{"line":19,"column":4},"end":{"line":19,"column":5}},"loc":{"start":{"line":19,"column":37},"end":{"line":28,"column":5}},"line":19},"2":{"name":"(anonymous_2)","decl":{"start":{"line":30,"column":4},"end":{"line":30,"column":5}},"loc":{"start":{"line":30,"column":36},"end":{"line":39,"column":5}},"line":30},"3":{"name":"(anonymous_3)","decl":{"start":{"line":41,"column":4},"end":{"line":41,"column":5}},"loc":{"start":{"line":41,"column":38},"end":{"line":50,"column":5}},"line":41},"4":{"name":"(anonymous_4)","decl":{"start":{"line":52,"column":4},"end":{"line":52,"column":5}},"loc":{"start":{"line":52,"column":37},"end":{"line":61,"column":5}},"line":52},"5":{"name":"(anonymous_5)","decl":{"start":{"line":63,"column":4},"end":{"line":63,"column":5}},"loc":{"start":{"line":63,"column":42},"end":{"line":72,"column":5}},"line":63},"6":{"name":"(anonymous_6)","decl":{"start":{"line":74,"column":4},"end":{"line":74,"column":5}},"loc":{"start":{"line":74,"column":41},"end":{"line":83,"column":5}},"line":74},"7":{"name":"(anonymous_7)","decl":{"start":{"line":85,"column":4},"end":{"line":85,"column":5}},"loc":{"start":{"line":85,"column":42},"end":{"line":94,"column":5}},"line":85},"8":{"name":"(anonymous_8)","decl":{"start":{"line":96,"column":4},"end":{"line":96,"column":5}},"loc":{"start":{"line":96,"column":42},"end":{"line":105,"column":5}},"line":96},"9":{"name":"(anonymous_9)","decl":{"start":{"line":107,"column":4},"end":{"line":107,"column":5}},"loc":{"start":{"line":107,"column":43},"end":{"line":117,"column":5}},"line":107},"10":{"name":"(anonymous_10)","decl":{"start":{"line":119,"column":4},"end":{"line":119,"column":5}},"loc":{"start":{"line":119,"column":44},"end":{"line":131,"column":5}},"line":119},"11":{"name":"(anonymous_11)","decl":{"start":{"line":133,"column":4},"end":{"line":133,"column":5}},"loc":{"start":{"line":133,"column":44},"end":{"line":144,"column":5}},"line":133}},"branchMap":{},"s":{"0":1,"1":1,"2":1,"3":1,"4":1,"5":1,"6":1,"7":1,"8":1,"9":1,"10":0,"11":0,"12":0,"13":0,"14":0,"15":0,"16":0,"17":0,"18":0,"19":0,"20":0,"21":0,"22":0,"23":0,"24":0,"25":0,"26":0,"27":0,"28":0,"29":0,"30":0,"31":0,"32":0,"33":0,"34":0,"35":0,"36":0,"37":0,"38":0,"39":0,"40":0,"41":0,"42":0,"43":0,"44":0,"45":0,"46":0,"47":0,"48":0,"49":0,"50":0,"51":0,"52":0,"53":0,"54":0,"55":0,"56":0,"57":0,"58":0,"59":0,"60":0,"61":0,"62":0,"63":0,"64":0,"65":0,"66":0,"67":0,"68":0,"69":0,"70":0,"71":0,"72":0,"73":0,"74":0,"75":0,"76":0,"77":1},"f":{"0":1,"1":0,"2":0,"3":0,"4":0,"5":0,"6":0,"7":0,"8":0,"9":0,"10":0,"11":0},"b":{},"_coverageSchema":"1a1c01bbd47fc00a2c39e90264f33305004495a9","hash":"9250fa47f2317f1ef444450cb22b0ba379c5837b"}
,"/Users/hikmanisyarifulfajar/Documents/FinalProject/server/router.js": {"path":"/Users/hikmanisyarifulfajar/Documents/FinalProject/server/router.js","statementMap":{"0":{"start":{"line":1,"column":15},"end":{"line":1,"column":42}},"1":{"start":{"line":2,"column":19},"end":{"line":2,"column":42}},"2":{"start":{"line":4,"column":0},"end":{"line":4,"column":42}},"3":{"start":{"line":6,"column":0},"end":{"line":6,"column":40}},"4":{"start":{"line":8,"column":0},"end":{"line":8,"column":38}},"5":{"start":{"line":10,"column":0},"end":{"line":10,"column":42}},"6":{"start":{"line":12,"column":0},"end":{"line":12,"column":40}},"7":{"start":{"line":14,"column":0},"end":{"line":14,"column":50}},"8":{"start":{"line":16,"column":0},"end":{"line":16,"column":48}},"9":{"start":{"line":18,"column":0},"end":{"line":18,"column":50}},"10":{"start":{"line":20,"column":0},"end":{"line":20,"column":53}},"11":{"start":{"line":22,"column":0},"end":{"line":22,"column":54}},"12":{"start":{"line":24,"column":0},"end":{"line":24,"column":51}},"13":{"start":{"line":26,"column":0},"end":{"line":26,"column":60}},"14":{"start":{"line":29,"column":0},"end":{"line":29,"column":23}}},"fnMap":{},"branchMap":{},"s":{"0":1,"1":1,"2":1,"3":1,"4":1,"5":1,"6":1,"7":1,"8":1,"9":1,"10":1,"11":1,"12":1,"13":1,"14":1},"f":{},"b":{},"_coverageSchema":"1a1c01bbd47fc00a2c39e90264f33305004495a9","hash":"a06482ff291792e546806ccbb2450392e3fbf1b1"}
,"/Users/hikmanisyarifulfajar/Documents/FinalProject/server/config/config.js": {"path":"/Users/hikmanisyarifulfajar/Documents/FinalProject/server/config/config.js","statementMap":{"0":{"start":{"line":1,"column":20},"end":{"line":1,"column":50}},"1":{"start":{"line":2,"column":12},"end":{"line":2,"column":39}},"2":{"start":{"line":3,"column":15},"end":{"line":3,"column":24}},"3":{"start":{"line":4,"column":15},"end":{"line":4,"column":86}},"4":{"start":{"line":6,"column":0},"end":{"line":9,"column":1}}},"fnMap":{},"branchMap":{},"s":{"0":1,"1":1,"2":1,"3":1,"4":1},"f":{},"b":{},"_coverageSchema":"1a1c01bbd47fc00a2c39e90264f33305004495a9","hash":"18e6cccb408ca8f5f9c42bf9051bf1c087dd8da8"}
}
