{"/Users/hikmanisyarifulfajar/Documents/FinalProject/server/app.js": {"path":"/Users/hikmanisyarifulfajar/Documents/FinalProject/server/app.js","statementMap":{"0":{"start":{"line":1,"column":16},"end":{"line":1,"column":34}},"1":{"start":{"line":2,"column":12},"end":{"line":2,"column":21}},"2":{"start":{"line":3,"column":25},"end":{"line":3,"column":44}},"3":{"start":{"line":4,"column":25},"end":{"line":4,"column":51}},"4":{"start":{"line":6,"column":0},"end":{"line":8,"column":3}},"5":{"start":{"line":10,"column":0},"end":{"line":10,"column":23}},"6":{"start":{"line":13,"column":0},"end":{"line":26,"column":2}},"7":{"start":{"line":14,"column":2},"end":{"line":15,"column":49}},"8":{"start":{"line":14,"column":11},"end":{"line":14,"column":27}},"9":{"start":{"line":15,"column":7},"end":{"line":15,"column":49}},"10":{"start":{"line":17,"column":13},"end":{"line":17,"column":30}},"11":{"start":{"line":19,"column":2},"end":{"line":22,"column":4}},"12":{"start":{"line":20,"column":4},"end":{"line":20,"column":15}},"13":{"start":{"line":21,"column":4},"end":{"line":21,"column":10}},"14":{"start":{"line":24,"column":2},"end":{"line":24,"column":27}},"15":{"start":{"line":28,"column":0},"end":{"line":28,"column":20}}},"fnMap":{"0":{"name":"(anonymous_0)","decl":{"start":{"line":13,"column":15},"end":{"line":13,"column":16}},"loc":{"start":{"line":13,"column":22},"end":{"line":26,"column":1}},"line":13},"1":{"name":"(anonymous_1)","decl":{"start":{"line":19,"column":10},"end":{"line":19,"column":11}},"loc":{"start":{"line":19,"column":30},"end":{"line":22,"column":3}},"line":19}},"branchMap":{"0":{"loc":{"start":{"line":14,"column":2},"end":{"line":15,"column":49}},"type":"if","locations":[{"start":{"line":14,"column":2},"end":{"line":15,"column":49}},{"start":{"line":14,"column":2},"end":{"line":15,"column":49}}],"line":14}},"s":{"0":1,"1":1,"2":1,"3":1,"4":1,"5":1,"6":1,"7":1,"8":0,"9":1,"10":1,"11":1,"12":12,"13":12,"14":1,"15":1},"f":{"0":1,"1":12},"b":{"0":[0,1]},"_coverageSchema":"1a1c01bbd47fc00a2c39e90264f33305004495a9","hash":"ef4cd2facb9ef4dd2189c921657bddec3bd2298a"}
,"/Users/hikmanisyarifulfajar/Documents/FinalProject/server/controller.js": {"path":"/Users/hikmanisyarifulfajar/Documents/FinalProject/server/controller.js","statementMap":{"0":{"start":{"line":1,"column":21},"end":{"line":1,"column":39}},"1":{"start":{"line":2,"column":14},"end":{"line":2,"column":30}},"2":{"start":{"line":6,"column":8},"end":{"line":15,"column":9}},"3":{"start":{"line":7,"column":23},"end":{"line":7,"column":29}},"4":{"start":{"line":8,"column":31},"end":{"line":8,"column":53}},"5":{"start":{"line":9,"column":27},"end":{"line":9,"column":62}},"6":{"start":{"line":10,"column":12},"end":{"line":10,"column":40}},"7":{"start":{"line":12,"column":12},"end":{"line":14,"column":14}},"8":{"start":{"line":19,"column":8},"end":{"line":26,"column":9}},"9":{"start":{"line":20,"column":23},"end":{"line":20,"column":29}},"10":{"start":{"line":21,"column":31},"end":{"line":21,"column":56}},"11":{"start":{"line":22,"column":27},"end":{"line":22,"column":62}},"12":{"start":{"line":23,"column":12},"end":{"line":23,"column":40}},"13":{"start":{"line":25,"column":12},"end":{"line":25,"column":39}},"14":{"start":{"line":30,"column":8},"end":{"line":37,"column":9}},"15":{"start":{"line":31,"column":23},"end":{"line":31,"column":29}},"16":{"start":{"line":32,"column":31},"end":{"line":32,"column":55}},"17":{"start":{"line":33,"column":27},"end":{"line":33,"column":62}},"18":{"start":{"line":34,"column":12},"end":{"line":34,"column":40}},"19":{"start":{"line":36,"column":12},"end":{"line":36,"column":39}},"20":{"start":{"line":41,"column":8},"end":{"line":48,"column":9}},"21":{"start":{"line":42,"column":23},"end":{"line":42,"column":29}},"22":{"start":{"line":43,"column":31},"end":{"line":43,"column":52}},"23":{"start":{"line":44,"column":27},"end":{"line":44,"column":62}},"24":{"start":{"line":45,"column":12},"end":{"line":45,"column":40}},"25":{"start":{"line":47,"column":12},"end":{"line":47,"column":39}},"26":{"start":{"line":52,"column":8},"end":{"line":59,"column":9}},"27":{"start":{"line":53,"column":23},"end":{"line":53,"column":29}},"28":{"start":{"line":54,"column":31},"end":{"line":54,"column":57}},"29":{"start":{"line":55,"column":27},"end":{"line":55,"column":62}},"30":{"start":{"line":56,"column":12},"end":{"line":56,"column":40}},"31":{"start":{"line":58,"column":12},"end":{"line":58,"column":39}},"32":{"start":{"line":63,"column":8},"end":{"line":70,"column":9}},"33":{"start":{"line":64,"column":23},"end":{"line":64,"column":29}},"34":{"start":{"line":65,"column":31},"end":{"line":65,"column":55}},"35":{"start":{"line":66,"column":27},"end":{"line":66,"column":62}},"36":{"start":{"line":67,"column":12},"end":{"line":67,"column":40}},"37":{"start":{"line":69,"column":12},"end":{"line":69,"column":39}},"38":{"start":{"line":74,"column":8},"end":{"line":81,"column":9}},"39":{"start":{"line":75,"column":23},"end":{"line":75,"column":29}},"40":{"start":{"line":76,"column":31},"end":{"line":76,"column":55}},"41":{"start":{"line":77,"column":27},"end":{"line":77,"column":62}},"42":{"start":{"line":78,"column":12},"end":{"line":78,"column":40}},"43":{"start":{"line":80,"column":12},"end":{"line":80,"column":39}},"44":{"start":{"line":85,"column":8},"end":{"line":92,"column":9}},"45":{"start":{"line":86,"column":23},"end":{"line":86,"column":29}},"46":{"start":{"line":87,"column":31},"end":{"line":87,"column":56}},"47":{"start":{"line":88,"column":27},"end":{"line":88,"column":62}},"48":{"start":{"line":89,"column":12},"end":{"line":89,"column":40}},"49":{"start":{"line":91,"column":12},"end":{"line":91,"column":39}},"50":{"start":{"line":96,"column":8},"end":{"line":116,"column":9}},"51":{"start":{"line":97,"column":29},"end":{"line":103,"column":14}},"52":{"start":{"line":104,"column":25},"end":{"line":111,"column":14}},"53":{"start":{"line":105,"column":16},"end":{"line":110,"column":17}},"54":{"start":{"line":113,"column":12},"end":{"line":113,"column":40}},"55":{"start":{"line":115,"column":12},"end":{"line":115,"column":39}},"56":{"start":{"line":120,"column":8},"end":{"line":127,"column":9}},"57":{"start":{"line":121,"column":23},"end":{"line":121,"column":29}},"58":{"start":{"line":122,"column":31},"end":{"line":122,"column":58}},"59":{"start":{"line":123,"column":27},"end":{"line":123,"column":62}},"60":{"start":{"line":124,"column":12},"end":{"line":124,"column":40}},"61":{"start":{"line":126,"column":12},"end":{"line":126,"column":39}},"62":{"start":{"line":131,"column":21},"end":{"line":131,"column":42}},"63":{"start":{"line":132,"column":8},"end":{"line":154,"column":9}},"64":{"start":{"line":133,"column":23},"end":{"line":133,"column":29}},"65":{"start":{"line":134,"column":31},"end":{"line":134,"column":58}},"66":{"start":{"line":135,"column":29},"end":{"line":144,"column":14}},"67":{"start":{"line":145,"column":27},"end":{"line":150,"column":14}},"68":{"start":{"line":151,"column":12},"end":{"line":151,"column":47}},"69":{"start":{"line":153,"column":12},"end":{"line":153,"column":39}},"70":{"start":{"line":158,"column":17},"end":{"line":158,"column":30}},"71":{"start":{"line":159,"column":8},"end":{"line":168,"column":9}},"72":{"start":{"line":160,"column":23},"end":{"line":160,"column":29}},"73":{"start":{"line":161,"column":31},"end":{"line":161,"column":58}},"74":{"start":{"line":162,"column":27},"end":{"line":164,"column":14}},"75":{"start":{"line":165,"column":12},"end":{"line":165,"column":75}},"76":{"start":{"line":167,"column":12},"end":{"line":167,"column":39}},"77":{"start":{"line":173,"column":0},"end":{"line":173,"column":27}}},"fnMap":{"0":{"name":"(anonymous_0)","decl":{"start":{"line":5,"column":4},"end":{"line":5,"column":5}},"loc":{"start":{"line":5,"column":38},"end":{"line":16,"column":5}},"line":5},"1":{"name":"(anonymous_1)","decl":{"start":{"line":18,"column":4},"end":{"line":18,"column":5}},"loc":{"start":{"line":18,"column":41},"end":{"line":27,"column":5}},"line":18},"2":{"name":"(anonymous_2)","decl":{"start":{"line":29,"column":4},"end":{"line":29,"column":5}},"loc":{"start":{"line":29,"column":40},"end":{"line":38,"column":5}},"line":29},"3":{"name":"(anonymous_3)","decl":{"start":{"line":40,"column":4},"end":{"line":40,"column":5}},"loc":{"start":{"line":40,"column":37},"end":{"line":49,"column":5}},"line":40},"4":{"name":"(anonymous_4)","decl":{"start":{"line":51,"column":4},"end":{"line":51,"column":5}},"loc":{"start":{"line":51,"column":42},"end":{"line":60,"column":5}},"line":51},"5":{"name":"(anonymous_5)","decl":{"start":{"line":62,"column":4},"end":{"line":62,"column":5}},"loc":{"start":{"line":62,"column":40},"end":{"line":71,"column":5}},"line":62},"6":{"name":"(anonymous_6)","decl":{"start":{"line":73,"column":4},"end":{"line":73,"column":5}},"loc":{"start":{"line":73,"column":40},"end":{"line":82,"column":5}},"line":73},"7":{"name":"(anonymous_7)","decl":{"start":{"line":84,"column":4},"end":{"line":84,"column":5}},"loc":{"start":{"line":84,"column":41},"end":{"line":93,"column":5}},"line":84},"8":{"name":"(anonymous_8)","decl":{"start":{"line":95,"column":4},"end":{"line":95,"column":5}},"loc":{"start":{"line":95,"column":43},"end":{"line":117,"column":5}},"line":95},"9":{"name":"(anonymous_9)","decl":{"start":{"line":104,"column":47},"end":{"line":104,"column":48}},"loc":{"start":{"line":104,"column":53},"end":{"line":111,"column":13}},"line":104},"10":{"name":"(anonymous_10)","decl":{"start":{"line":119,"column":4},"end":{"line":119,"column":5}},"loc":{"start":{"line":119,"column":42},"end":{"line":128,"column":5}},"line":119},"11":{"name":"(anonymous_11)","decl":{"start":{"line":130,"column":4},"end":{"line":130,"column":5}},"loc":{"start":{"line":130,"column":44},"end":{"line":155,"column":5}},"line":130},"12":{"name":"(anonymous_12)","decl":{"start":{"line":157,"column":4},"end":{"line":157,"column":5}},"loc":{"start":{"line":157,"column":44},"end":{"line":169,"column":5}},"line":157}},"branchMap":{},"s":{"0":1,"1":1,"2":1,"3":1,"4":1,"5":1,"6":1,"7":0,"8":1,"9":1,"10":1,"11":1,"12":1,"13":0,"14":1,"15":1,"16":1,"17":1,"18":1,"19":0,"20":1,"21":1,"22":1,"23":1,"24":1,"25":0,"26":1,"27":1,"28":1,"29":1,"30":1,"31":0,"32":1,"33":1,"34":1,"35":1,"36":1,"37":0,"38":1,"39":1,"40":1,"41":1,"42":1,"43":0,"44":1,"45":1,"46":1,"47":1,"48":1,"49":0,"50":1,"51":1,"52":1,"53":12,"54":1,"55":0,"56":1,"57":1,"58":1,"59":1,"60":1,"61":0,"62":1,"63":1,"64":1,"65":1,"66":1,"67":1,"68":1,"69":0,"70":1,"71":1,"72":1,"73":1,"74":1,"75":1,"76":0,"77":1},"f":{"0":1,"1":1,"2":1,"3":1,"4":1,"5":1,"6":1,"7":1,"8":1,"9":12,"10":1,"11":1,"12":1},"b":{},"_coverageSchema":"1a1c01bbd47fc00a2c39e90264f33305004495a9","hash":"948e7049a8b25c60c6680637fe2d1d0b03569b7b"}
,"/Users/hikmanisyarifulfajar/Documents/FinalProject/server/router.js": {"path":"/Users/hikmanisyarifulfajar/Documents/FinalProject/server/router.js","statementMap":{"0":{"start":{"line":1,"column":15},"end":{"line":1,"column":42}},"1":{"start":{"line":2,"column":19},"end":{"line":2,"column":42}},"2":{"start":{"line":4,"column":0},"end":{"line":4,"column":42}},"3":{"start":{"line":6,"column":0},"end":{"line":6,"column":48}},"4":{"start":{"line":8,"column":0},"end":{"line":8,"column":46}},"5":{"start":{"line":10,"column":0},"end":{"line":10,"column":40}},"6":{"start":{"line":12,"column":0},"end":{"line":12,"column":50}},"7":{"start":{"line":14,"column":0},"end":{"line":14,"column":46}},"8":{"start":{"line":16,"column":0},"end":{"line":16,"column":46}},"9":{"start":{"line":18,"column":0},"end":{"line":18,"column":48}},"10":{"start":{"line":20,"column":0},"end":{"line":20,"column":59}},"11":{"start":{"line":22,"column":0},"end":{"line":22,"column":54}},"12":{"start":{"line":24,"column":0},"end":{"line":24,"column":51}},"13":{"start":{"line":26,"column":0},"end":{"line":26,"column":60}},"14":{"start":{"line":29,"column":0},"end":{"line":29,"column":23}}},"fnMap":{},"branchMap":{},"s":{"0":1,"1":1,"2":1,"3":1,"4":1,"5":1,"6":1,"7":1,"8":1,"9":1,"10":1,"11":1,"12":1,"13":1,"14":1},"f":{},"b":{},"_coverageSchema":"1a1c01bbd47fc00a2c39e90264f33305004495a9","hash":"797ba5c4fe1c2ae084a6e63abbfd5c258a8f675e"}
,"/Users/hikmanisyarifulfajar/Documents/FinalProject/server/config/config.js": {"path":"/Users/hikmanisyarifulfajar/Documents/FinalProject/server/config/config.js","statementMap":{"0":{"start":{"line":1,"column":20},"end":{"line":1,"column":50}},"1":{"start":{"line":2,"column":12},"end":{"line":2,"column":39}},"2":{"start":{"line":3,"column":15},"end":{"line":3,"column":24}},"3":{"start":{"line":4,"column":15},"end":{"line":4,"column":86}},"4":{"start":{"line":6,"column":0},"end":{"line":9,"column":1}}},"fnMap":{},"branchMap":{},"s":{"0":1,"1":1,"2":1,"3":1,"4":1},"f":{},"b":{},"_coverageSchema":"1a1c01bbd47fc00a2c39e90264f33305004495a9","hash":"18e6cccb408ca8f5f9c42bf9051bf1c087dd8da8"}
}
